This is pdfTeX, Version 3.14159265-2.6-1.40.18 (TeX Live 2017/Debian) (preloaded format=pdflatex 2018.6.26)  28 SEP 2018 01:37
entering extended mode
 restricted \write18 enabled.
 %&-line parsing enabled.
**SYMPNP_2018.tex
(./SYMPNP_2018.tex
LaTeX2e <2017-04-15>
Babel <3.18> and hyphenation patterns for 3 language(s) loaded.
(./snp.cls

LaTeX Warning: You have requested document class `snp',
               but the document class provides `revtex4'.

Document Class: revtex4 2001/08/03 v4.0 (http://publish.aps.org/revtex4/ for do
cumentation)
 Copyright (c) 2001 The American Physical Society.
 mailto:revtex@aps.org
 Licensed under the LPPL:
http://www.ctan.org/tex-archive/macros/latex/base/lppl.txt
 Arthur Ogawa <ogawa@teleport.com>
 Based on work by David Carlisle <david@dcarlisle.demon.co.uk>.
ltxutil: portions licensed from W. E. Baxter (web@superscript.com)
Class revtex4 Info: Repairing broken LateX \@sect on input line 596.
\intertabularlinepenalty=\count79
\@tbpen=\count80
\@arstrutbox@hline=\box26
Class revtex4 Info: Repairing broken LaTeX \@xbitor on input line 1610.
ltxgrid: portions licensed from W. E. Baxter (web@superscript.com)
\c@linecount=\count81
\output=\toks14
\@protection@box=\box27
\@topmark@saved=\toks15
\footins@saved=\box28
\pagesofar=\box29
\footbox=\box30
\pagegrid@col=\count82
Class revtex4 Info: Incorporating package {textcase}  [1998/11/12 v0.06 Text on
ly upper/lower case changing (DPC)]. on input line 3682.
(/usr/share/texlive/texmf-dist/tex/latex/url/url.sty
\Urlmuskip=\muskip10
Package: url 2013/09/16  ver 3.4  Verb mode for urls, etc.
)
\c@affil=\count83
\absbox=\box31
\c@part=\count84
\c@section=\count85
\c@subsection=\count86
\c@subsubsection=\count87
\c@paragraph=\count88
\c@subparagraph=\count89
\abovecaptionskip=\skip41
\belowcaptionskip=\skip42
\c@figure=\count90
\c@table=\count91
 (./natbib.sty
Package: natbib 1999/05/28 7.0 (PWD)
\bibhang=\skip43
\bibsep=\skip44
LaTeX Info: Redefining \cite on input line 508.
\c@NAT@ctr=\count92
)
\widetext@top=\box32
\widetext@bot=\box33

(./snpsymb.sty
Package: snpsymb 2001/08/03 v4.0 (http://publish.aps.org/revtex4/ for documenta
tion)
LaTeX Info: Redefining \REV@mathfrak on input line 118.
)) (/usr/share/texlive/texmf-dist/tex/latex/amsfonts/amssymb.sty
Package: amssymb 2013/01/14 v3.01 AMS font symbols

(/usr/share/texlive/texmf-dist/tex/latex/amsfonts/amsfonts.sty
Package: amsfonts 2013/01/14 v3.01 Basic AMSFonts support
\@emptytoks=\toks16
\symAMSa=\mathgroup4
\symAMSb=\mathgroup5
LaTeX Font Info:    Overwriting math alphabet `\mathfrak' in version `bold'
(Font)                  U/euf/m/n --> U/euf/b/n on input line 106.
LaTeX Info: Redefining \frak on input line 111.
LaTeX Info: Redefining \Bbb on input line 113.
))
(/usr/share/texlive/texmf-dist/tex/latex/amsmath/amsmath.sty
Package: amsmath 2017/09/02 v2.17a AMS math features
\@mathmargin=\skip45

For additional information on amsmath, use the `?' option.
(/usr/share/texlive/texmf-dist/tex/latex/amsmath/amstext.sty
Package: amstext 2000/06/29 v2.01 AMS text

(/usr/share/texlive/texmf-dist/tex/latex/amsmath/amsgen.sty
File: amsgen.sty 1999/11/30 v2.0 generic functions
\@emptytoks=\toks17
\ex@=\dimen102
))
(/usr/share/texlive/texmf-dist/tex/latex/amsmath/amsbsy.sty
Package: amsbsy 1999/11/29 v1.2d Bold Symbols
\pmbraise@=\dimen103
)
(/usr/share/texlive/texmf-dist/tex/latex/amsmath/amsopn.sty
Package: amsopn 2016/03/08 v2.02 operator names
)
\inf@bad=\count93
LaTeX Info: Redefining \frac on input line 213.
\uproot@=\count94
\leftroot@=\count95
LaTeX Info: Redefining \overline on input line 375.
\classnum@=\count96
\DOTSCASE@=\count97
LaTeX Info: Redefining \ldots on input line 472.
LaTeX Info: Redefining \dots on input line 475.
LaTeX Info: Redefining \cdots on input line 596.
\Mathstrutbox@=\box34
\strutbox@=\box35
\big@size=\dimen104
LaTeX Font Info:    Redeclaring font encoding OML on input line 712.
LaTeX Font Info:    Redeclaring font encoding OMS on input line 713.
\macc@depth=\count98
\c@MaxMatrixCols=\count99
\dotsspace@=\muskip11
\c@parentequation=\count100
\dspbrk@lvl=\count101
\tag@help=\toks18
\row@=\count102
\column@=\count103
\maxfields@=\count104
\andhelp@=\toks19
\eqnshift@=\dimen105
\alignsep@=\dimen106
\tagshift@=\dimen107
\tagwidth@=\dimen108
\totwidth@=\dimen109
\lineht@=\dimen110
\@envbody=\toks20
\multlinegap=\skip46
\multlinetaggap=\skip47
\mathdisplay@stack=\toks21
LaTeX Info: Redefining \[ on input line 2817.
LaTeX Info: Redefining \] on input line 2818.
)

Class revtex4 Warning: No Society specified, using generic APS style.

(./aps.rtx
File: aps.rtx 2001/08/03 v4.0 (http://publish.aps.org/revtex4/ for documentatio
n)
) (./10pt.rtx
File: 10pt.rtx 2001/08/03 v4.0 (http://publish.aps.org/revtex4/ for documentati
on)
)
(/usr/share/texlive/texmf-dist/tex/latex/graphics/graphicx.sty
Package: graphicx 2017/06/01 v1.1a Enhanced LaTeX Graphics (DPC,SPQR)

(/usr/share/texlive/texmf-dist/tex/latex/graphics/keyval.sty
Package: keyval 2014/10/28 v1.15 key=value parser (DPC)
\KV@toks@=\toks22
)
(/usr/share/texlive/texmf-dist/tex/latex/graphics/graphics.sty
Package: graphics 2017/06/25 v1.2c Standard LaTeX Graphics (DPC,SPQR)

(/usr/share/texlive/texmf-dist/tex/latex/graphics/trig.sty
Package: trig 2016/01/03 v1.10 sin cos tan (DPC)
)
(/usr/share/texlive/texmf-dist/tex/latex/graphics-cfg/graphics.cfg
File: graphics.cfg 2016/06/04 v1.11 sample graphics configuration
)
Package graphics Info: Driver file: pdftex.def on input line 99.

(/usr/share/texlive/texmf-dist/tex/latex/graphics-def/pdftex.def
File: pdftex.def 2018/01/08 v1.0l Graphics/color driver for pdftex
))
\Gin@req@height=\dimen111
\Gin@req@width=\dimen112
)
(/usr/share/texlive/texmf-dist/tex/latex/tools/dcolumn.sty
Package: dcolumn 2014/10/28 v1.06 decimal alignment package (DPC)

(/usr/share/texlive/texmf-dist/tex/latex/tools/array.sty
Package: array 2016/10/06 v2.4d Tabular extension package (FMi)
\col@sep=\dimen113
\extrarowheight=\dimen114
\NC@list=\toks23
\extratabsurround=\skip48
\backup@length=\skip49
))
(/usr/share/texlive/texmf-dist/tex/latex/tools/bm.sty
Package: bm 2017/01/16 v1.2c Bold Symbol Support (DPC/FMi)
\symboldoperators=\mathgroup6
\symboldletters=\mathgroup7
\symboldsymbols=\mathgroup8
LaTeX Font Info:    Redeclaring math alphabet \mathbf on input line 141.
LaTeX Info: Redefining \bm on input line 207.
) (./SYMPNP_2018.aux)
\openout1 = `SYMPNP_2018.aux'.

LaTeX Font Info:    Checking defaults for OML/cmm/m/it on input line 12.
LaTeX Font Info:    ... okay on input line 12.
LaTeX Font Info:    Checking defaults for T1/cmr/m/n on input line 12.
LaTeX Font Info:    ... okay on input line 12.
LaTeX Font Info:    Checking defaults for OT1/cmr/m/n on input line 12.
LaTeX Font Info:    ... okay on input line 12.
LaTeX Font Info:    Checking defaults for OMS/cmsy/m/n on input line 12.
LaTeX Font Info:    ... okay on input line 12.
LaTeX Font Info:    Checking defaults for OMX/cmex/m/n on input line 12.
LaTeX Font Info:    ... okay on input line 12.
LaTeX Font Info:    Checking defaults for U/cmr/m/n on input line 12.
LaTeX Font Info:    ... okay on input line 12.
Class revtex4 Info: Unrecognized array package. Please update this document cla
ss! (Proceeding with fingers crossed.) on input line 12.
Class revtex4 Info: cite was not loaded (OK!) on input line 12.
Class revtex4 Info: multicol was not loaded (OK!) on input line 12.

(/usr/share/texlive/texmf-dist/tex/context/base/mkii/supp-pdf.mkii
[Loading MPS to PDF converter (version 2006.09.02).]
\scratchcounter=\count105
\scratchdimen=\dimen115
\scratchbox=\box36
\nofMPsegments=\count106
\nofMParguments=\count107
\everyMPshowfont=\toks24
\MPscratchCnt=\count108
\MPscratchDim=\dimen116
\MPnumerator=\count109
\makeMPintoPDFobject=\count110
\everyMPtoPDFconversion=\toks25
) (/usr/share/texlive/texmf-dist/tex/latex/oberdiek/epstopdf-base.sty
Package: epstopdf-base 2016/05/15 v2.6 Base part for package epstopdf

(/usr/share/texlive/texmf-dist/tex/generic/oberdiek/infwarerr.sty
Package: infwarerr 2016/05/16 v1.4 Providing info/warning/error messages (HO)
)
(/usr/share/texlive/texmf-dist/tex/latex/oberdiek/grfext.sty
Package: grfext 2016/05/16 v1.2 Manage graphics extensions (HO)

(/usr/share/texlive/texmf-dist/tex/generic/oberdiek/kvdefinekeys.sty
Package: kvdefinekeys 2016/05/16 v1.4 Define keys (HO)

(/usr/share/texlive/texmf-dist/tex/generic/oberdiek/ltxcmds.sty
Package: ltxcmds 2016/05/16 v1.23 LaTeX kernel commands for general use (HO)
)))
(/usr/share/texlive/texmf-dist/tex/latex/oberdiek/kvoptions.sty
Package: kvoptions 2016/05/16 v3.12 Key value format for package options (HO)

(/usr/share/texlive/texmf-dist/tex/generic/oberdiek/kvsetkeys.sty
Package: kvsetkeys 2016/05/16 v1.17 Key value parser (HO)

(/usr/share/texlive/texmf-dist/tex/generic/oberdiek/etexcmds.sty
Package: etexcmds 2016/05/16 v1.6 Avoid name clashes with e-TeX commands (HO)

(/usr/share/texlive/texmf-dist/tex/generic/oberdiek/ifluatex.sty
Package: ifluatex 2016/05/16 v1.4 Provides the ifluatex switch (HO)
Package ifluatex Info: LuaTeX not detected.
)
Package etexcmds Info: Could not find \expanded.
(etexcmds)             That can mean that you are not using pdfTeX 1.50 or
(etexcmds)             that some package has redefined \expanded.
(etexcmds)             In the latter case, load this package earlier.
)))
(/usr/share/texlive/texmf-dist/tex/generic/oberdiek/pdftexcmds.sty
Package: pdftexcmds 2018/01/21 v0.26 Utility functions of pdfTeX for LuaTeX (HO
)

(/usr/share/texlive/texmf-dist/tex/generic/oberdiek/ifpdf.sty
Package: ifpdf 2017/03/15 v3.2 Provides the ifpdf switch
)
Package pdftexcmds Info: LuaTeX not detected.
Package pdftexcmds Info: \pdf@primitive is available.
Package pdftexcmds Info: \pdf@ifprimitive is available.
Package pdftexcmds Info: \pdfdraftmode found.
)
Package epstopdf-base Info: Redefining graphics rule for `.eps' on input line 4
38.
Package grfext Info: Graphics extension search list:
(grfext)             [.pdf,.png,.jpg,.mps,.jpeg,.jbig2,.jb2,.PDF,.PNG,.JPG,.JPE
G,.JBIG2,.JB2,.eps]
(grfext)             \AppendGraphicsExtensions on input line 456.

(/usr/share/texlive/texmf-dist/tex/latex/latexconfig/epstopdf-sys.cfg
File: epstopdf-sys.cfg 2010/07/13 v1.3 Configuration of (r)epstopdf for TeX Liv
e
))
LaTeX Font Info:    Try loading font information for U+msa on input line 22.

(/usr/share/texlive/texmf-dist/tex/latex/amsfonts/umsa.fd
File: umsa.fd 2013/01/14 v3.01 AMS symbols A
)
LaTeX Font Info:    Try loading font information for U+msb on input line 22.

(/usr/share/texlive/texmf-dist/tex/latex/amsfonts/umsb.fd
File: umsb.fd 2013/01/14 v3.01 AMS symbols B
)
Underfull \hbox (badness 1231) in paragraph at lines 22--22
$[]$[]\OT1/cmr/m/n/8 Electronic ad-dress: $\OT1/cmtt/m/n/8 vega @ barc . gov . 
in ,[] abhihere @
 []


Underfull \hbox (badness 3271) in paragraph at lines 26--27
[]\OT1/cmr/m/n/10 Transmutation by Adi-a-betic Res-o-nance
 []


Underfull \hbox (badness 2096) in paragraph at lines 30--31
[]\OT1/cmr/m/n/10 The present pa-per dis-cusses sim-u-la-tion
 []


Underfull \hbox (badness 2088) in paragraph at lines 30--31
\OT1/cmr/m/n/10 physics mod-els and also com-par-ing with
 []

<NeutEdepBIC.png, id=1, 899.36pt x 473.77pt>
File: NeutEdepBIC.png Graphic file (type png)
<use NeutEdepBIC.png>
Package pdftex.def Info: NeutEdepBIC.png  used on input line 44.
(pdftex.def)             Requested size: 156.48463pt x 85.35443pt.
<NeutEdepBERT.png, id=2, 899.36pt x 473.77pt>
File: NeutEdepBERT.png Graphic file (type png)
<use NeutEdepBERT.png>
Package pdftex.def Info: NeutEdepBERT.png  used on input line 48.
(pdftex.def)             Requested size: 156.48463pt x 85.35443pt.
<NeutEnergyTimeBIC.png, id=3, 899.36pt x 574.145pt>
File: NeutEnergyTimeBIC.png Graphic file (type png)
<use NeutEnergyTimeBIC.png>
Package pdftex.def Info: NeutEnergyTimeBIC.png  used on input line 57.
(pdftex.def)             Requested size: 156.48463pt x 85.35585pt.
<NeutEnergyTimeBERT.png, id=4, 899.36pt x 574.145pt>
File: NeutEnergyTimeBERT.png Graphic file (type png)
<use NeutEnergyTimeBERT.png>
Package pdftex.def Info: NeutEnergyTimeBERT.png  used on input line 61.
(pdftex.def)             Requested size: 156.48463pt x 85.35585pt.
<OtherEnergyTimeBIC.png, id=5, 1200.485pt x 473.77pt>
File: OtherEnergyTimeBIC.png Graphic file (type png)
<use OtherEnergyTimeBIC.png>
Package pdftex.def Info: OtherEnergyTimeBIC.png  used on input line 70.
(pdftex.def)             Requested size: 156.48984pt x 85.35443pt.
<OtherEnergyTimeBERT.png, id=6, 1200.485pt x 473.77pt>
File: OtherEnergyTimeBERT.png Graphic file (type png)
<use OtherEnergyTimeBERT.png>
Package pdftex.def Info: OtherEnergyTimeBERT.png  used on input line 74.
(pdftex.def)             Requested size: 156.48984pt x 85.35443pt.
<FluenceEnergyBIC.png, id=7, 899.36pt x 674.52pt>
File: FluenceEnergyBIC.png Graphic file (type png)
<use FluenceEnergyBIC.png>
Package pdftex.def Info: FluenceEnergyBIC.png  used on input line 82.
(pdftex.def)             Requested size: 156.48463pt x 85.35431pt.
<FluenceEnergyBERT.png, id=8, 899.36pt x 674.52pt>
File: FluenceEnergyBERT.png Graphic file (type png)
<use FluenceEnergyBERT.png>
Package pdftex.def Info: FluenceEnergyBERT.png  used on input line 86.
(pdftex.def)             Requested size: 156.48463pt x 85.35431pt.
<FluenceRadialDistBIC.png, id=9, 899.36pt x 674.52pt>
File: FluenceRadialDistBIC.png Graphic file (type png)
<use FluenceRadialDistBIC.png>
Package pdftex.def Info: FluenceRadialDistBIC.png  used on input line 94.
(pdftex.def)             Requested size: 156.48463pt x 85.35431pt.
<FluenceRadialDistBERT.png, id=10, 899.36pt x 674.52pt>
File: FluenceRadialDistBERT.png Graphic file (type png)
<use FluenceRadialDistBERT.png>
Package pdftex.def Info: FluenceRadialDistBERT.png  used on input line 98.
(pdftex.def)             Requested size: 156.48463pt x 85.35431pt.
<FluxBIC.png, id=11, 798.985pt x 473.77pt>
File: FluxBIC.png Graphic file (type png)
<use FluxBIC.png>
Package pdftex.def Info: FluxBIC.png  used on input line 119.
(pdftex.def)             Requested size: 156.49026pt x 85.35443pt.

Underfull \hbox (badness 7851) in paragraph at lines 120--120
[]\OT1/cmr/m/n/9 FIG. 11: Dis-tri-bu-tion of Flux :
 []

<FluxBERT.png, id=12, 798.985pt x 473.77pt>
File: FluxBERT.png Graphic file (type png)
<use FluxBERT.png>
Package pdftex.def Info: FluxBERT.png  used on input line 123.
(pdftex.def)             Requested size: 156.49026pt x 85.35443pt.

Underfull \hbox (badness 7851) in paragraph at lines 124--124
[]\OT1/cmr/m/n/9 FIG. 12: Dis-tri-bu-tion of Flux :
 []

<ExitingNSpectrumBIC.png, id=13, 1200.485pt x 674.52pt>
File: ExitingNSpectrumBIC.png Graphic file (type png)
<use ExitingNSpectrumBIC.png>
Package pdftex.def Info: ExitingNSpectrumBIC.png  used on input line 133.
(pdftex.def)             Requested size: 156.48984pt x 85.35431pt.
<ExitingNSpectrumBERT.png, id=14, 1200.485pt x 674.52pt>
File: ExitingNSpectrumBERT.png Graphic file (type png)
<use ExitingNSpectrumBERT.png>
Package pdftex.def Info: ExitingNSpectrumBERT.png  used on input line 137.
(pdftex.def)             Requested size: 156.48984pt x 85.35431pt.
[1{/var/lib/texmf/fonts/map/pdftex/updmap/pdftex.map}] [2 <./NeutEdepBIC.png> <
./NeutEdepBERT.png> <./NeutEnergyTimeBIC.png> <./NeutEnergyTimeBERT.png> <./Oth
erEnergyTimeBIC.png> <./OtherEnergyTimeBERT.png> <./FluenceEnergyBIC.png> <./Fl
uenceEnergyBERT.png>] [3 <./FluenceRadialDistBIC.png> <./FluenceRadialDistBERT.
png> <./FluxBIC.png> <./FluxBERT.png> <./ExitingNSpectrumBIC.png> <./ExitingNSp
ectrumBERT.png>] (./SYMPNP_2018.aux) ) 
Here is how much of TeX's memory you used:
 4027 strings out of 494923
 51870 string characters out of 6180742
 136265 words of memory out of 5000000
 7261 multiletter control sequences out of 15000+600000
 17328 words of font info for 64 fonts, out of 8000000 for 9000
 14 hyphenation exceptions out of 8191
 41i,7n,29p,763b,352s stack positions out of 5000i,500n,10000p,200000b,80000s
</usr/share/texlive/texmf-dist/fonts/type
1/public/amsfonts/cm/cmbx10.pfb></usr/share/texlive/texmf-dist/fonts/type1/publ
ic/amsfonts/cm/cmbx12.pfb></usr/share/texlive/texmf-dist/fonts/type1/public/ams
fonts/cm/cmmi10.pfb></usr/share/texlive/texmf-dist/fonts/type1/public/amsfonts/
cm/cmr10.pfb></usr/share/texlive/texmf-dist/fonts/type1/public/amsfonts/cm/cmr1
2.pfb></usr/share/texlive/texmf-dist/fonts/type1/public/amsfonts/cm/cmr8.pfb></
usr/share/texlive/texmf-dist/fonts/type1/public/amsfonts/cm/cmr9.pfb></usr/shar
e/texlive/texmf-dist/fonts/type1/public/amsfonts/cm/cmsl10.pfb></usr/share/texl
ive/texmf-dist/fonts/type1/public/amsfonts/cm/cmsy10.pfb></usr/share/texlive/te
xmf-dist/fonts/type1/public/amsfonts/cm/cmsy6.pfb></usr/share/texlive/texmf-dis
t/fonts/type1/public/amsfonts/cm/cmsy8.pfb></usr/share/texlive/texmf-dist/fonts
/type1/public/amsfonts/cm/cmti10.pfb></usr/share/texlive/texmf-dist/fonts/type1
/public/amsfonts/cm/cmti9.pfb></usr/share/texlive/texmf-dist/fonts/type1/public
/amsfonts/cm/cmtt8.pfb>
Output written on SYMPNP_2018.pdf (3 pages, 417484 bytes).
PDF statistics:
 84 PDF objects out of 1000 (max. 8388607)
 50 compressed objects within 1 object stream
 0 named destinations out of 1000 (max. 500000)
 71 words of extra memory for PDF output out of 10000 (max. 10000000)

